BMI-Calculator-master/app/build/intermediates/manifest_merge_blame_file/debug/manifest-merger-blame-debug-report.txt
1<?xml version="1.0" encoding="utf-8"?>
2<manifest xmlns:android="http://schemas.android.com/apk/res/android"
3    package="dev.jahidhasanco.bmicalculator"
4    android:versionCode="4"
5    android:versionName="1.0.3" >
6
7    <uses-sdk
8        android:minSdkVersion="21"
8-->src\main\AndroidManifest.xml
9        android:targetSdkVersion="33" />
9-->src\main\AndroidManifest.xml
10
11    <uses-permission android:name="android.permission.WRITE_EXTERNAL_STORAGE" />
11-->src\main\AndroidManifest.xml:6:5-7:40
11-->src\main\AndroidManifest.xml:6:22-78
12    <uses-permission android:name="android.permission.READ_EXTERNAL_STORAGE" />
12-->src\main\AndroidManifest.xml:8:5-80
12-->src\main\AndroidManifest.xml:8:22-77
13
14    <permission
14-->[androidx.core:core:1.9.0] AndroidManifest.xml:22:5-24:47
15        android:name="dev.jahidhasanco.bmicalculator.DYNAMIC_RECEIVER_NOT_EXPORTED_PERMISSION"
15-->[androidx.core:core:1.9.0] AndroidManifest.xml:23:9-81
16        android:protectionLevel="signature" />
16-->[androidx.core:core:1.9.0] AndroidManifest.xml:24:9-44
17
18    <uses-permission android:name="dev.jahidhasanco.bmicalculator.DYNAMIC_RECEIVER_NOT_EXPORTED_PERMISSION" />
18-->[androidx.core:core:1.9.0] AndroidManifest.xml:26:5-97
18-->[androidx.core:core:1.9.0] AndroidManifest.xml:26:22-94
19
20    <application
20-->src\main\AndroidManifest.xml:10:5-43:19
21        android:name="dev.jahidhasanco.bmicalculator.App"
21-->src\main\AndroidManifest.xml:16:9-28
22        android:allowBackup="true"
22-->src\main\AndroidManifest.xml:11:9-35
23        android:appComponentFactory="androidx.core.app.CoreComponentFactory"
23-->[androidx.core:core:1.9.0] AndroidManifest.xml:28:18-86
24        android:dataExtractionRules="@xml/data_extraction_rules"
24-->src\main\AndroidManifest.xml:12:9-65
25        android:debuggable="true"
26        android:fullBackupContent="@xml/backup_rules"
26-->src\main\AndroidManifest.xml:13:9-54
27        android:icon="@mipmap/ic_launcher"
27-->src\main\AndroidManifest.xml:14:9-43
28        android:label="@string/app_name"
28-->src\main\AndroidManifest.xml:15:9-41
29        android:roundIcon="@mipmap/ic_launcher_round"
29-->src\main\AndroidManifest.xml:17:9-54
30        android:supportsRtl="true"
30-->src\main\AndroidManifest.xml:18:9-35
31        android:testOnly="true"
32        android:theme="@style/AppTheme" >
32-->src\main\AndroidManifest.xml:19:9-40
33        <activity
33-->src\main\AndroidManifest.xml:21:9-23:40
34            android:name="dev.jahidhasanco.bmicalculator.presentation.activity.ResultActivity"
34-->src\main\AndroidManifest.xml:22:13-65
35            android:exported="false" />
35-->src\main\AndroidManifest.xml:23:13-37
36        <activity
36-->src\main\AndroidManifest.xml:24:9-31:20
37            android:name="dev.jahidhasanco.bmicalculator.presentation.activity.MainActivity"
37-->src\main\AndroidManifest.xml:25:13-63
38            android:exported="true" >
38-->src\main\AndroidManifest.xml:26:13-36
39            <intent-filter>
39-->src\main\AndroidManifest.xml:27:13-30:29
40                <action android:name="android.intent.action.MAIN" />
40-->src\main\AndroidManifest.xml:28:17-69
40-->src\main\AndroidManifest.xml:28:25-66
41
42                <category android:name="android.intent.category.LAUNCHER" />
42-->src\main\AndroidManifest.xml:29:17-77
42-->src\main\AndroidManifest.xml:29:27-74
43            </intent-filter>
44        </activity>
45
46        <provider
46-->src\main\AndroidManifest.xml:33:9-41:20
47            android:name="androidx.core.content.FileProvider"
47-->src\main\AndroidManifest.xml:34:13-62
48            android:authorities="com.trendoceans.fileshare.MainActivity.provider"
48-->src\main\AndroidManifest.xml:35:13-82
49            android:exported="false"
49-->src\main\AndroidManifest.xml:36:13-37
50            android:grantUriPermissions="true" >
50-->src\main\AndroidManifest.xml:37:13-47
51            <meta-data
51-->src\main\AndroidManifest.xml:38:13-40:53
52                android:name="android.support.FILE_PROVIDER_PATHS"
52-->src\main\AndroidManifest.xml:39:17-67
53                android:resource="@xml/file_path" />
53-->src\main\AndroidManifest.xml:40:17-50
54        </provider>
55        <provider
55-->[androidx.emoji2:emoji2:1.2.0] AndroidManifest.xml:24:9-32:20
56            android:name="androidx.startup.InitializationProvider"
56-->[androidx.emoji2:emoji2:1.2.0] AndroidManifest.xml:25:13-67
57            android:authorities="dev.jahidhasanco.bmicalculator.androidx-startup"
57-->[androidx.emoji2:emoji2:1.2.0] AndroidManifest.xml:26:13-68
58            android:exported="false" >
58-->[androidx.emoji2:emoji2:1.2.0] AndroidManifest.xml:27:13-37
59            <meta-data
59-->[androidx.emoji2:emoji2:1.2.0] AndroidManifest.xml:29:13-31:52
60                android:name="androidx.emoji2.text.EmojiCompatInitializer"
60-->[androidx.emoji2:emoji2:1.2.0] AndroidManifest.xml:30:17-75
61                android:value="androidx.startup" />
61-->[androidx.emoji2:emoji2:1.2.0] AndroidManifest.xml:31:17-49
62            <meta-data
62-->[androidx.lifecycle:lifecycle-process:2.4.1] AndroidManifest.xml:31:13-33:52
63                android:name="androidx.lifecycle.ProcessLifecycleInitializer"
63-->[androidx.lifecycle:lifecycle-process:2.4.1] AndroidManifest.xml:32:17-78
64                android:value="androidx.startup" />
64-->[androidx.lifecycle:lifecycle-process:2.4.1] AndroidManifest.xml:33:17-49
65        </provider>
66    </application>
67
68</manifest>